2010-04-26 09:14:19 Notice: Notice (1024): Please change the value of 'Security.salt' in app/config/core.php to a salt value specific to your application in [/var/www/estoque-cake/cake/libs/debugger.php, line 684]
2010-04-26 09:14:19 Notice: Notice (1024): Please change the value of 'Security.cipherSeed' in app/config/core.php to a numeric (digits only) seed value specific to your application in [/var/www/estoque-cake/cake/libs/debugger.php, line 688]
2010-04-26 10:07:40 Notice: Notice (8): Undefined variable: total in [/var/www/estoque-cake/app/views/sales/view.ctp, line 48]
2010-04-26 10:07:52 Notice: Notice (8): Undefined variable: total in [/var/www/estoque-cake/app/views/sales/view.ctp, line 48]
2010-04-26 10:08:05 Notice: Notice (8): Undefined variable: total in [/var/www/estoque-cake/app/views/sales/view.ctp, line 48]
2010-04-26 10:33:28 Notice: Notice (8): Undefined property: View::$Session in [/var/www/estoque-cake/app/views/layouts/default.ctp, line 51]
2010-04-26 11:13:33 Notice: Notice (8): Object of class FormHelper could not be converted to int in [/var/www/estoque-cake/app/views/users/login.ctp, line 10]
2010-04-26 11:13:54 Notice: Notice (8): Object of class FormHelper could not be converted to int in [/var/www/estoque-cake/app/views/users/login.ctp, line 10]
2010-04-26 11:29:03 Notice: Notice (8): Undefined property: View::$Auth in [/var/www/estoque-cake/app/views/layouts/default.ctp, line 48]
2010-04-26 11:38:36 Notice: Notice (8): Undefined property: AuthComponent::$Acl in [/var/www/estoque-cake/cake/libs/controller/components/auth.php, line 527]
2010-04-26 11:39:09 Notice: Notice (8): Undefined property: AuthComponent::$Acl in [/var/www/estoque-cake/cake/libs/controller/components/auth.php, line 527]
2010-04-26 11:39:24 Notice: Notice (8): Undefined property: AuthComponent::$Acl in [/var/www/estoque-cake/cake/libs/controller/components/auth.php, line 527]
2010-04-26 11:39:28 Notice: Notice (8): Undefined property: AuthComponent::$Acl in [/var/www/estoque-cake/cake/libs/controller/components/auth.php, line 527]
2010-04-26 11:39:34 Notice: Notice (8): Undefined property: AuthComponent::$Acl in [/var/www/estoque-cake/cake/libs/controller/components/auth.php, line 527]
2010-04-27 15:37:59 Notice: Notice (8): Undefined index:  Product in [/var/www/estoque-cake/app/controllers/sales_controller.php, line 95]
2010-04-27 15:46:50 Notice: Notice (8): Undefined index:  amount in [/var/www/estoque-cake/app/controllers/sales_controller.php, line 100]
2010-04-27 15:46:50 Notice: Notice (8): Undefined index:  id in [/var/www/estoque-cake/app/controllers/sales_controller.php, line 101]
2010-04-27 15:47:14 Notice: Notice (8): Undefined index:  amount in [/var/www/estoque-cake/app/controllers/sales_controller.php, line 100]
2010-04-27 15:47:14 Notice: Notice (8): Undefined index:  id in [/var/www/estoque-cake/app/controllers/sales_controller.php, line 101]
2010-04-27 15:48:33 Notice: Notice (8): Undefined index:  amount in [/var/www/estoque-cake/app/controllers/sales_controller.php, line 100]
2010-04-27 15:48:33 Notice: Notice (8): Undefined index:  id in [/var/www/estoque-cake/app/controllers/sales_controller.php, line 101]
2010-04-27 15:48:58 Notice: Notice (8): Undefined index:  amount in [/var/www/estoque-cake/app/controllers/sales_controller.php, line 100]
2010-04-27 15:48:58 Notice: Notice (8): Undefined index:  id in [/var/www/estoque-cake/app/controllers/sales_controller.php, line 101]
2010-04-27 15:49:44 Notice: Notice (8): Undefined index:  amount in [/var/www/estoque-cake/app/controllers/sales_controller.php, line 100]
2010-04-27 15:49:44 Notice: Notice (8): Undefined index:  id in [/var/www/estoque-cake/app/controllers/sales_controller.php, line 101]
2010-04-27 15:52:36 Notice: Notice (8): Undefined property: SalesController::$Sales in [/var/www/estoque-cake/app/controllers/sales_controller.php, line 95]
2010-04-27 15:52:36 Notice: Notice (8): Trying to get property of non-object in [/var/www/estoque-cake/app/controllers/sales_controller.php, line 95]
2010-04-27 15:58:09 Notice: Notice (8): Undefined index:  amount in [/var/www/estoque-cake/app/controllers/sales_controller.php, line 100]
2010-04-27 15:58:09 Notice: Notice (8): Undefined index:  id in [/var/www/estoque-cake/app/controllers/sales_controller.php, line 101]
2010-04-27 15:58:22 Notice: Notice (8): Undefined index:  amount in [/var/www/estoque-cake/app/controllers/sales_controller.php, line 100]
2010-04-27 15:58:22 Notice: Notice (8): Undefined index:  id in [/var/www/estoque-cake/app/controllers/sales_controller.php, line 101]
2010-04-27 15:58:40 Notice: Notice (8): Undefined index:  amount in [/var/www/estoque-cake/app/controllers/sales_controller.php, line 100]
2010-04-27 15:58:40 Notice: Notice (8): Undefined index:  id in [/var/www/estoque-cake/app/controllers/sales_controller.php, line 101]
2010-04-27 16:01:49 Notice: Notice (8): Undefined index:  amount in [/var/www/estoque-cake/app/controllers/sales_controller.php, line 98]
2010-04-27 16:01:49 Notice: Notice (8): Undefined index:  id in [/var/www/estoque-cake/app/controllers/sales_controller.php, line 99]
2010-04-27 16:02:10 Notice: Notice (8): Undefined index:  amount in [/var/www/estoque-cake/app/controllers/sales_controller.php, line 99]
2010-04-27 16:02:10 Notice: Notice (8): Undefined index:  id in [/var/www/estoque-cake/app/controllers/sales_controller.php, line 100]
2010-04-27 16:02:32 Notice: Notice (8): Undefined index:  amount in [/var/www/estoque-cake/app/controllers/sales_controller.php, line 99]
2010-04-27 16:02:32 Notice: Notice (8): Undefined index:  id in [/var/www/estoque-cake/app/controllers/sales_controller.php, line 100]
2010-04-27 16:19:32 Notice: Notice (8): Undefined index:  id in [/var/www/estoque-cake/app/controllers/sales_controller.php, line 90]
2010-04-27 16:19:32 Notice: Notice (8): Undefined variable: i in [/var/www/estoque-cake/app/controllers/sales_controller.php, line 92]
2010-04-27 16:20:00 Notice: Notice (8): Undefined index:  id in [/var/www/estoque-cake/app/controllers/sales_controller.php, line 91]
2010-04-27 16:20:26 Notice: Notice (8): Undefined index:  id in [/var/www/estoque-cake/app/controllers/sales_controller.php, line 91]
2010-04-27 16:21:14 Notice: Notice (8): Undefined index:  id in [/var/www/estoque-cake/app/controllers/sales_controller.php, line 91]
2010-04-27 16:21:32 Notice: Notice (8): Undefined index:  id in [/var/www/estoque-cake/app/controllers/sales_controller.php, line 91]
2010-04-27 16:21:45 Notice: Notice (8): Undefined index:  id in [/var/www/estoque-cake/app/controllers/sales_controller.php, line 90]
2010-04-27 16:22:42 Notice: Notice (8): Undefined index:  id in [/var/www/estoque-cake/app/controllers/sales_controller.php, line 88]
2010-04-27 16:22:43 Notice: Notice (8): Undefined index:  id in [/var/www/estoque-cake/app/controllers/sales_controller.php, line 91]
2010-04-27 16:22:52 Notice: Notice (8): Undefined index:  amount in [/var/www/estoque-cake/app/controllers/sales_controller.php, line 90]
2010-04-27 16:22:52 Notice: Notice (8): Undefined index:  id in [/var/www/estoque-cake/app/controllers/sales_controller.php, line 91]
2010-04-27 16:23:27 Notice: Notice (8): Undefined index:  id in [/var/www/estoque-cake/app/controllers/sales_controller.php, line 91]
2010-04-27 16:23:27 Notice: Notice (8): Undefined index:  amount in [/var/www/estoque-cake/app/controllers/sales_controller.php, line 92]
2010-04-27 16:23:37 Notice: Notice (8): Undefined index:  amount in [/var/www/estoque-cake/app/controllers/sales_controller.php, line 92]
2010-05-01 13:36:10 Notice: Notice (8): Undefined index: 0 in [/var/www/estoque-cake/app/controllers/sales_controller.php, line 85]
2010-05-01 13:36:24 Notice: Notice (8): Undefined index: 0 in [/var/www/estoque-cake/app/controllers/sales_controller.php, line 85]
2010-05-01 17:24:28 Notice: Notice (8): Undefined property: View::$session in [/var/www/estoque-cake/app/views/sales/admin_add.ctp, line 42]
2010-05-02 11:20:45 Notice: Notice (8): Undefined index: action in [/var/www/estoque-cake/cake/dispatcher.php, line 266]
2010-05-02 11:20:45 Notice: Notice (8): Undefined index: controller in [/var/www/estoque-cake/cake/dispatcher.php, line 121]
2010-05-02 12:52:40 Notice: Notice (8): Undefined property: View::$Paginator in [/var/www/estoque-cake/app/views/sales/admin_index.ctp, line 27]
2010-05-03 11:39:52 Notice: Notice (8): Undefined index: admin in [/var/www/estoque-cake/app/app_controller.php, line 10]
2010-05-03 11:39:52 Notice: Notice (8): Undefined index: admin in [/var/www/estoque-cake/app/app_controller.php, line 10]
2010-05-03 11:40:14 Notice: Notice (8): Undefined index: admin in [/var/www/estoque-cake/app/app_controller.php, line 10]
2010-05-03 11:40:29 Notice: Notice (8): Undefined index: admin in [/var/www/estoque-cake/app/app_controller.php, line 10]
2010-05-03 11:40:53 Notice: Notice (8): Undefined index: admin in [/var/www/estoque-cake/app/app_controller.php, line 10]
2010-05-03 11:42:16 Notice: Notice (8): Undefined index: admin in [/var/www/estoque-cake/app/app_controller.php, line 10]
2010-05-03 11:42:34 Notice: Notice (8): Undefined index: admin in [/var/www/estoque-cake/app/app_controller.php, line 10]
2010-05-03 13:07:25 Notice: Notice (8): Undefined index: action in [/var/www/estoque-cake/cake/dispatcher.php, line 266]
2010-05-03 13:07:25 Notice: Notice (8): Undefined index: controller in [/var/www/estoque-cake/cake/dispatcher.php, line 121]
2010-05-03 13:14:41 Notice: Notice (8): Undefined property: View::$Paginator in [/var/www/estoque-cake/app/views/pages/home.ctp, line 27]
2010-05-03 14:06:02 Notice: Notice (8): Undefined index: action in [/var/www/estoque-cake/cake/dispatcher.php, line 266]
2010-05-03 14:06:02 Notice: Notice (8): Undefined index: controller in [/var/www/estoque-cake/cake/dispatcher.php, line 121]
2010-05-03 14:06:02 Notice: Notice (8): Undefined index: action in [/var/www/estoque-cake/cake/dispatcher.php, line 266]
2010-05-03 14:06:02 Notice: Notice (8): Undefined index: controller in [/var/www/estoque-cake/cake/dispatcher.php, line 121]
2010-05-03 14:06:11 Notice: Notice (8): Undefined index: action in [/var/www/estoque-cake/cake/dispatcher.php, line 266]
2010-05-03 14:06:11 Notice: Notice (8): Undefined index: controller in [/var/www/estoque-cake/cake/dispatcher.php, line 121]
2010-05-03 14:06:26 Notice: Notice (8): Undefined index: action in [/var/www/estoque-cake/cake/dispatcher.php, line 266]
2010-05-03 14:06:26 Notice: Notice (8): Undefined index: controller in [/var/www/estoque-cake/cake/dispatcher.php, line 121]
2010-05-03 14:06:28 Notice: Notice (8): Undefined index: action in [/var/www/estoque-cake/cake/dispatcher.php, line 266]
2010-05-03 14:06:28 Notice: Notice (8): Undefined index: controller in [/var/www/estoque-cake/cake/dispatcher.php, line 121]
2010-05-06 12:31:23 Notice: Notice (8): Undefined index: status in [/var/www/estoque-cake/app/views/users/admin_index.ctp, line 52]
