2010-04-26 11:13:33 Warning: Warning (2): end() [<a href='http://php.net/function.end'>function.end</a>]: Passed variable is not an array or object in [/var/www/estoque-cake/app/views/users/login.ctp, line 10]
2010-04-26 11:13:54 Warning: Warning (2): end() [<a href='http://php.net/function.end'>function.end</a>]: Passed variable is not an array or object in [/var/www/estoque-cake/app/views/users/login.ctp, line 10]
2010-04-26 11:38:36 Warning: Warning (512): Could not find AclComponent. Please include Acl in Controller::$components. in [/var/www/estoque-cake/cake/libs/controller/components/auth.php, line 421]
2010-04-26 11:39:09 Warning: Warning (512): Could not find AclComponent. Please include Acl in Controller::$components. in [/var/www/estoque-cake/cake/libs/controller/components/auth.php, line 421]
2010-04-26 11:39:24 Warning: Warning (512): Could not find AclComponent. Please include Acl in Controller::$components. in [/var/www/estoque-cake/cake/libs/controller/components/auth.php, line 421]
2010-04-26 11:39:28 Warning: Warning (512): Could not find AclComponent. Please include Acl in Controller::$components. in [/var/www/estoque-cake/cake/libs/controller/components/auth.php, line 421]
2010-04-26 11:39:34 Warning: Warning (512): Could not find AclComponent. Please include Acl in Controller::$components. in [/var/www/estoque-cake/cake/libs/controller/components/auth.php, line 421]
2010-04-27 14:34:57 Warning: Warning (512): <span style="color:Red;text-align:left"><b>SQL Error:</b> 1146: Table 'estoque.NEW' doesn't exist</span> in [/var/www/estoque-cake/cake/libs/model/datasources/dbo_source.php, line 666]
2010-04-27 14:34:57 Warning: Warning (2): Cannot modify header information - headers already sent by (output started at /var/www/estoque-cake/cake/libs/debugger.php:673) in [/var/www/estoque-cake/cake/libs/controller/controller.php, line 744]
2010-04-27 14:35:36 Warning: Warning (512): <span style="color:Red;text-align:left"><b>SQL Error:</b> 1146: Table 'estoque.NEW' doesn't exist</span> in [/var/www/estoque-cake/cake/libs/model/datasources/dbo_source.php, line 666]
2010-04-27 14:35:36 Warning: Warning (2): Cannot modify header information - headers already sent by (output started at /var/www/estoque-cake/cake/libs/debugger.php:673) in [/var/www/estoque-cake/cake/libs/controller/controller.php, line 744]
2010-04-27 14:38:49 Warning: Warning (512): <span style="color:Red;text-align:left"><b>SQL Error:</b> 1146: Table 'estoque.NEW' doesn't exist</span> in [/var/www/estoque-cake/cake/libs/model/datasources/dbo_source.php, line 666]
2010-04-27 14:38:49 Warning: Warning (2): Cannot modify header information - headers already sent by (output started at /var/www/estoque-cake/cake/libs/debugger.php:673) in [/var/www/estoque-cake/cake/libs/controller/controller.php, line 744]
2010-04-27 14:56:22 Warning: Warning (512): <span style="color:Red;text-align:left"><b>SQL Error:</b> 1146: Table 'estoque.NEW' doesn't exist</span> in [/var/www/estoque-cake/cake/libs/model/datasources/dbo_source.php, line 666]
2010-04-27 14:56:22 Warning: Warning (2): Cannot modify header information - headers already sent by (output started at /var/www/estoque-cake/cake/libs/debugger.php:673) in [/var/www/estoque-cake/cake/libs/controller/controller.php, line 744]
2010-04-27 15:37:59 Warning: Warning (2): Invalid argument supplied for foreach() in [/var/www/estoque-cake/app/controllers/sales_controller.php, line 95]
2010-04-27 15:39:05 Warning: Warning (2): Invalid argument supplied for foreach() in [/var/www/estoque-cake/app/controllers/sales_controller.php, line 96]
2010-04-27 15:39:28 Warning: Warning (2): Invalid argument supplied for foreach() in [/var/www/estoque-cake/app/controllers/sales_controller.php, line 96]
2010-04-27 15:39:35 Warning: Warning (2): Invalid argument supplied for foreach() in [/var/www/estoque-cake/app/controllers/sales_controller.php, line 96]
2010-04-27 15:40:02 Warning: Warning (2): Invalid argument supplied for foreach() in [/var/www/estoque-cake/app/controllers/sales_controller.php, line 98]
2010-04-27 15:40:02 Warning: Warning (2): Invalid argument supplied for foreach() in [/var/www/estoque-cake/app/controllers/sales_controller.php, line 98]
2010-04-27 15:40:19 Warning: Warning (2): Invalid argument supplied for foreach() in [/var/www/estoque-cake/app/controllers/sales_controller.php, line 98]
2010-04-27 15:51:34 Warning: Warning (2): Invalid argument supplied for foreach() in [/var/www/estoque-cake/app/controllers/sales_controller.php, line 98]
2010-04-27 15:51:49 Warning: Warning (2): Invalid argument supplied for foreach() in [/var/www/estoque-cake/app/controllers/sales_controller.php, line 98]
2010-04-27 15:52:08 Warning: Warning (2): Invalid argument supplied for foreach() in [/var/www/estoque-cake/app/controllers/sales_controller.php, line 98]
2010-04-27 15:52:43 Warning: Warning (2): Invalid argument supplied for foreach() in [/var/www/estoque-cake/app/controllers/sales_controller.php, line 98]
2010-04-27 15:52:58 Warning: Warning (2): Invalid argument supplied for foreach() in [/var/www/estoque-cake/app/controllers/sales_controller.php, line 98]
2010-04-27 15:57:13 Warning: Warning (2): Invalid argument supplied for foreach() in [/var/www/estoque-cake/app/controllers/sales_controller.php, line 98]
2010-04-27 15:57:15 Warning: Warning (2): Invalid argument supplied for foreach() in [/var/www/estoque-cake/app/controllers/sales_controller.php, line 98]
2010-04-27 15:57:17 Warning: Warning (2): Invalid argument supplied for foreach() in [/var/www/estoque-cake/app/controllers/sales_controller.php, line 98]
2010-04-27 15:57:33 Warning: Warning (2): Invalid argument supplied for foreach() in [/var/www/estoque-cake/app/controllers/sales_controller.php, line 98]
2010-04-27 15:57:43 Warning: Warning (2): Invalid argument supplied for foreach() in [/var/www/estoque-cake/app/controllers/sales_controller.php, line 98]
2010-04-27 15:57:54 Warning: Warning (2): Invalid argument supplied for foreach() in [/var/www/estoque-cake/app/controllers/sales_controller.php, line 98]
2010-04-27 15:58:29 Warning: Warning (2): Invalid argument supplied for foreach() in [/var/www/estoque-cake/app/controllers/sales_controller.php, line 98]
2010-04-27 16:06:02 Warning: Warning (2): Cannot modify header information - headers already sent by (output started at /var/www/estoque-cake/cake/basics.php:355) in [/var/www/estoque-cake/cake/libs/controller/controller.php, line 744]
2010-04-27 16:19:32 Warning: Warning (2): Cannot modify header information - headers already sent by (output started at /var/www/estoque-cake/cake/basics.php:355) in [/var/www/estoque-cake/cake/libs/controller/controller.php, line 744]
2010-04-27 16:20:00 Warning: Warning (2): Cannot modify header information - headers already sent by (output started at /var/www/estoque-cake/cake/basics.php:355) in [/var/www/estoque-cake/cake/libs/controller/controller.php, line 744]
2010-04-27 16:20:26 Warning: Warning (2): Cannot modify header information - headers already sent by (output started at /var/www/estoque-cake/cake/basics.php:355) in [/var/www/estoque-cake/cake/libs/controller/controller.php, line 744]
2010-04-27 16:21:14 Warning: Warning (2): Cannot modify header information - headers already sent by (output started at /var/www/estoque-cake/cake/basics.php:355) in [/var/www/estoque-cake/cake/libs/controller/controller.php, line 744]
2010-04-27 16:21:32 Warning: Warning (2): Cannot modify header information - headers already sent by (output started at /var/www/estoque-cake/cake/basics.php:355) in [/var/www/estoque-cake/cake/libs/controller/controller.php, line 744]
2010-04-27 16:21:45 Warning: Warning (2): Cannot modify header information - headers already sent by (output started at /var/www/estoque-cake/cake/basics.php:110) in [/var/www/estoque-cake/cake/libs/controller/controller.php, line 744]
2010-04-27 16:22:07 Warning: Warning (2): Cannot modify header information - headers already sent by (output started at /var/www/estoque-cake/cake/basics.php:110) in [/var/www/estoque-cake/cake/libs/controller/controller.php, line 744]
2010-04-27 16:22:43 Warning: Warning (2): Cannot modify header information - headers already sent by (output started at /var/www/estoque-cake/cake/basics.php:355) in [/var/www/estoque-cake/cake/libs/controller/controller.php, line 744]
2010-04-27 16:22:52 Warning: Warning (2): Cannot modify header information - headers already sent by (output started at /var/www/estoque-cake/cake/basics.php:355) in [/var/www/estoque-cake/cake/libs/controller/controller.php, line 744]
2010-04-27 16:23:27 Warning: Warning (2): Cannot modify header information - headers already sent by (output started at /var/www/estoque-cake/cake/basics.php:355) in [/var/www/estoque-cake/cake/libs/controller/controller.php, line 744]
2010-04-27 16:23:37 Warning: Warning (2): Cannot modify header information - headers already sent by (output started at /var/www/estoque-cake/cake/basics.php:355) in [/var/www/estoque-cake/cake/libs/controller/controller.php, line 744]
2010-04-27 16:23:45 Warning: Warning (2): Cannot modify header information - headers already sent by (output started at /var/www/estoque-cake/cake/basics.php:355) in [/var/www/estoque-cake/cake/libs/controller/controller.php, line 744]
2010-04-27 16:24:16 Warning: Warning (2): Cannot modify header information - headers already sent by (output started at /var/www/estoque-cake/cake/basics.php:355) in [/var/www/estoque-cake/cake/libs/controller/controller.php, line 744]
2010-04-27 16:25:00 Warning: Warning (2): Cannot modify header information - headers already sent by (output started at /var/www/estoque-cake/cake/basics.php:355) in [/var/www/estoque-cake/cake/libs/controller/controller.php, line 744]
2010-04-27 16:25:16 Warning: Warning (2): Cannot modify header information - headers already sent by (output started at /var/www/estoque-cake/cake/basics.php:304) in [/var/www/estoque-cake/cake/libs/controller/controller.php, line 744]
2010-04-27 16:25:23 Warning: Warning (2): Cannot modify header information - headers already sent by (output started at /var/www/estoque-cake/cake/basics.php:355) in [/var/www/estoque-cake/cake/libs/controller/controller.php, line 744]
2010-04-27 16:25:28 Warning: Warning (2): Cannot modify header information - headers already sent by (output started at /var/www/estoque-cake/cake/basics.php:355) in [/var/www/estoque-cake/cake/libs/controller/controller.php, line 744]
2010-04-27 16:25:29 Warning: Warning (2): Cannot modify header information - headers already sent by (output started at /var/www/estoque-cake/cake/basics.php:355) in [/var/www/estoque-cake/cake/libs/controller/controller.php, line 744]
2010-04-27 16:25:48 Warning: Warning (2): Cannot modify header information - headers already sent by (output started at /var/www/estoque-cake/cake/basics.php:355) in [/var/www/estoque-cake/cake/libs/controller/controller.php, line 744]
2010-04-27 16:25:56 Warning: Warning (2): Cannot modify header information - headers already sent by (output started at /var/www/estoque-cake/cake/basics.php:355) in [/var/www/estoque-cake/cake/libs/controller/controller.php, line 744]
2010-04-27 16:25:58 Warning: Warning (2): Cannot modify header information - headers already sent by (output started at /var/www/estoque-cake/cake/basics.php:355) in [/var/www/estoque-cake/cake/libs/controller/controller.php, line 744]
2010-04-27 16:26:00 Warning: Warning (2): Cannot modify header information - headers already sent by (output started at /var/www/estoque-cake/cake/basics.php:355) in [/var/www/estoque-cake/cake/libs/controller/controller.php, line 744]
2010-04-27 16:26:01 Warning: Warning (2): Cannot modify header information - headers already sent by (output started at /var/www/estoque-cake/cake/basics.php:355) in [/var/www/estoque-cake/cake/libs/controller/controller.php, line 744]
2010-04-27 16:26:02 Warning: Warning (2): Cannot modify header information - headers already sent by (output started at /var/www/estoque-cake/cake/basics.php:355) in [/var/www/estoque-cake/cake/libs/controller/controller.php, line 744]
2010-04-27 16:26:03 Warning: Warning (2): Cannot modify header information - headers already sent by (output started at /var/www/estoque-cake/cake/basics.php:355) in [/var/www/estoque-cake/cake/libs/controller/controller.php, line 744]
2010-04-27 16:26:04 Warning: Warning (2): Cannot modify header information - headers already sent by (output started at /var/www/estoque-cake/cake/basics.php:355) in [/var/www/estoque-cake/cake/libs/controller/controller.php, line 744]
2010-04-27 16:28:07 Warning: Warning (2): Cannot modify header information - headers already sent by (output started at /var/www/estoque-cake/cake/basics.php:355) in [/var/www/estoque-cake/cake/libs/controller/controller.php, line 744]
2010-04-27 16:29:17 Warning: Warning (2): Cannot modify header information - headers already sent by (output started at /var/www/estoque-cake/cake/basics.php:355) in [/var/www/estoque-cake/cake/libs/controller/controller.php, line 744]
2010-04-27 16:30:20 Warning: Warning (2): Cannot modify header information - headers already sent by (output started at /var/www/estoque-cake/cake/basics.php:355) in [/var/www/estoque-cake/cake/libs/controller/controller.php, line 744]
2010-04-27 16:33:52 Warning: Warning (2): Cannot modify header information - headers already sent by (output started at /var/www/estoque-cake/cake/basics.php:110) in [/var/www/estoque-cake/cake/libs/controller/controller.php, line 744]
2010-04-27 16:35:06 Warning: Warning (2): Cannot modify header information - headers already sent by (output started at /var/www/estoque-cake/cake/basics.php:110) in [/var/www/estoque-cake/cake/libs/controller/controller.php, line 744]
2010-04-27 16:35:37 Warning: Warning (2): Cannot modify header information - headers already sent by (output started at /var/www/estoque-cake/cake/basics.php:110) in [/var/www/estoque-cake/cake/libs/controller/controller.php, line 744]
2010-04-27 16:46:40 Warning: Warning (2): Cannot modify header information - headers already sent by (output started at /var/www/estoque-cake/cake/basics.php:110) in [/var/www/estoque-cake/cake/libs/controller/controller.php, line 744]
2010-04-27 16:46:56 Warning: Warning (2): Cannot modify header information - headers already sent by (output started at /var/www/estoque-cake/cake/basics.php:110) in [/var/www/estoque-cake/cake/libs/controller/controller.php, line 744]
2010-04-27 16:47:03 Warning: Warning (2): Cannot modify header information - headers already sent by (output started at /var/www/estoque-cake/cake/basics.php:110) in [/var/www/estoque-cake/cake/libs/controller/controller.php, line 744]
2010-04-27 16:47:26 Warning: Warning (2): Cannot modify header information - headers already sent by (output started at /var/www/estoque-cake/cake/basics.php:110) in [/var/www/estoque-cake/cake/libs/controller/controller.php, line 744]
2010-04-27 16:47:37 Warning: Warning (2): Cannot modify header information - headers already sent by (output started at /var/www/estoque-cake/cake/basics.php:110) in [/var/www/estoque-cake/cake/libs/controller/controller.php, line 744]
2010-04-27 16:47:52 Warning: Warning (2): Cannot modify header information - headers already sent by (output started at /var/www/estoque-cake/cake/basics.php:110) in [/var/www/estoque-cake/cake/libs/controller/controller.php, line 744]
2010-04-27 17:00:23 Warning: Warning (2): Cannot modify header information - headers already sent by (output started at /var/www/estoque-cake/cake/basics.php:110) in [/var/www/estoque-cake/cake/libs/controller/controller.php, line 744]
2010-04-27 17:02:36 Warning: Warning (2): Cannot modify header information - headers already sent by (output started at /var/www/estoque-cake/cake/basics.php:110) in [/var/www/estoque-cake/cake/libs/controller/controller.php, line 744]
2010-04-27 17:34:40 Warning: Warning (2): Cannot modify header information - headers already sent by (output started at /var/www/estoque-cake/cake/basics.php:110) in [/var/www/estoque-cake/cake/libs/controller/controller.php, line 744]
2010-04-27 17:34:54 Warning: Warning (2): Cannot modify header information - headers already sent by (output started at /var/www/estoque-cake/cake/basics.php:110) in [/var/www/estoque-cake/cake/libs/controller/controller.php, line 744]
2010-04-27 17:36:11 Warning: Warning (2): Cannot modify header information - headers already sent by (output started at /var/www/estoque-cake/cake/basics.php:110) in [/var/www/estoque-cake/cake/libs/controller/controller.php, line 744]
2010-05-01 11:18:00 Warning: Warning (2): Invalid argument supplied for foreach() in [/var/www/estoque-cake/app/controllers/sales_controller.php, line 87]
2010-05-01 11:18:00 Warning: Warning (2): Cannot modify header information - headers already sent by (output started at /var/www/estoque-cake/cake/libs/debugger.php:673) in [/var/www/estoque-cake/cake/libs/controller/controller.php, line 744]
2010-05-01 11:19:04 Warning: Warning (2): Invalid argument supplied for foreach() in [/var/www/estoque-cake/app/controllers/sales_controller.php, line 87]
2010-05-01 11:19:04 Warning: Warning (2): Cannot modify header information - headers already sent by (output started at /var/www/estoque-cake/cake/libs/debugger.php:673) in [/var/www/estoque-cake/cake/libs/controller/controller.php, line 744]
2010-05-01 11:21:00 Warning: Warning (2): Invalid argument supplied for foreach() in [/var/www/estoque-cake/app/controllers/sales_controller.php, line 87]
2010-05-01 11:21:00 Warning: Warning (2): Cannot modify header information - headers already sent by (output started at /var/www/estoque-cake/cake/libs/debugger.php:673) in [/var/www/estoque-cake/cake/libs/controller/controller.php, line 744]
2010-05-01 13:22:17 Warning: Warning (2): Invalid argument supplied for foreach() in [/var/www/estoque-cake/app/controllers/sales_controller.php, line 87]
2010-05-01 13:22:17 Warning: Warning (2): Cannot modify header information - headers already sent by (output started at /var/www/estoque-cake/cake/libs/debugger.php:673) in [/var/www/estoque-cake/cake/libs/controller/controller.php, line 744]
2010-05-01 13:23:32 Warning: Warning (2): Invalid argument supplied for foreach() in [/var/www/estoque-cake/app/controllers/sales_controller.php, line 88]
2010-05-01 13:23:32 Warning: Warning (2): Cannot modify header information - headers already sent by (output started at /var/www/estoque-cake/cake/libs/debugger.php:673) in [/var/www/estoque-cake/cake/libs/controller/controller.php, line 744]
2010-05-01 13:23:39 Warning: Warning (2): Invalid argument supplied for foreach() in [/var/www/estoque-cake/app/controllers/sales_controller.php, line 88]
2010-05-01 13:23:39 Warning: Warning (2): Cannot modify header information - headers already sent by (output started at /var/www/estoque-cake/cake/libs/debugger.php:673) in [/var/www/estoque-cake/cake/libs/controller/controller.php, line 744]
2010-05-01 13:24:02 Warning: Warning (2): Invalid argument supplied for foreach() in [/var/www/estoque-cake/app/controllers/sales_controller.php, line 88]
2010-05-01 13:24:02 Warning: Warning (2): Cannot modify header information - headers already sent by (output started at /var/www/estoque-cake/cake/libs/debugger.php:673) in [/var/www/estoque-cake/cake/libs/controller/controller.php, line 744]
2010-05-01 13:24:54 Warning: Warning (2): Invalid argument supplied for foreach() in [/var/www/estoque-cake/app/controllers/sales_controller.php, line 89]
2010-05-01 13:24:54 Warning: Warning (2): Cannot modify header information - headers already sent by (output started at /var/www/estoque-cake/app/controllers/sales_controller.php:85) in [/var/www/estoque-cake/cake/libs/controller/controller.php, line 744]
2010-05-01 13:25:05 Warning: Warning (2): Invalid argument supplied for foreach() in [/var/www/estoque-cake/app/controllers/sales_controller.php, line 89]
2010-05-01 13:25:05 Warning: Warning (2): Cannot modify header information - headers already sent by (output started at /var/www/estoque-cake/cake/basics.php:355) in [/var/www/estoque-cake/cake/libs/controller/controller.php, line 744]
2010-05-01 13:30:06 Warning: Warning (2): Invalid argument supplied for foreach() in [/var/www/estoque-cake/app/controllers/sales_controller.php, line 88]
2010-05-01 13:30:06 Warning: Warning (2): Cannot modify header information - headers already sent by (output started at /var/www/estoque-cake/cake/libs/debugger.php:673) in [/var/www/estoque-cake/cake/libs/controller/controller.php, line 744]
2010-05-01 13:32:36 Warning: Warning (2): Invalid argument supplied for foreach() in [/var/www/estoque-cake/app/controllers/sales_controller.php, line 88]
2010-05-01 13:32:36 Warning: Warning (2): Cannot modify header information - headers already sent by (output started at /var/www/estoque-cake/app/controllers/sales_controller.php:85) in [/var/www/estoque-cake/cake/libs/controller/controller.php, line 744]
2010-05-01 13:32:43 Warning: Warning (2): Cannot modify header information - headers already sent by (output started at /var/www/estoque-cake/app/controllers/sales_controller.php:85) in [/var/www/estoque-cake/cake/libs/controller/controller.php, line 744]
2010-05-01 13:32:46 Warning: Warning (2): Cannot modify header information - headers already sent by (output started at /var/www/estoque-cake/app/controllers/sales_controller.php:85) in [/var/www/estoque-cake/cake/libs/controller/controller.php, line 744]
2010-05-01 13:33:41 Warning: Warning (2): Invalid argument supplied for foreach() in [/var/www/estoque-cake/app/controllers/sales_controller.php, line 89]
2010-05-01 13:33:41 Warning: Warning (2): Cannot modify header information - headers already sent by (output started at /var/www/estoque-cake/cake/basics.php:355) in [/var/www/estoque-cake/cake/libs/controller/controller.php, line 744]
2010-05-01 13:33:47 Warning: Warning (2): Cannot modify header information - headers already sent by (output started at /var/www/estoque-cake/cake/basics.php:355) in [/var/www/estoque-cake/cake/libs/controller/controller.php, line 744]
2010-05-01 13:33:51 Warning: Warning (2): Cannot modify header information - headers already sent by (output started at /var/www/estoque-cake/cake/basics.php:355) in [/var/www/estoque-cake/cake/libs/controller/controller.php, line 744]
2010-05-01 13:34:20 Warning: Warning (2): Cannot modify header information - headers already sent by (output started at /var/www/estoque-cake/cake/basics.php:355) in [/var/www/estoque-cake/cake/libs/controller/controller.php, line 744]
2010-05-01 13:34:27 Warning: Warning (2): Cannot modify header information - headers already sent by (output started at /var/www/estoque-cake/cake/basics.php:355) in [/var/www/estoque-cake/cake/libs/controller/controller.php, line 744]
2010-05-01 13:34:39 Warning: Warning (2): Invalid argument supplied for foreach() in [/var/www/estoque-cake/app/controllers/sales_controller.php, line 89]
2010-05-01 13:34:39 Warning: Warning (2): Cannot modify header information - headers already sent by (output started at /var/www/estoque-cake/cake/basics.php:355) in [/var/www/estoque-cake/cake/libs/controller/controller.php, line 744]
2010-05-01 13:35:03 Warning: Warning (2): Invalid argument supplied for foreach() in [/var/www/estoque-cake/app/controllers/sales_controller.php, line 89]
2010-05-01 13:35:03 Warning: Warning (2): Cannot modify header information - headers already sent by (output started at /var/www/estoque-cake/cake/basics.php:355) in [/var/www/estoque-cake/cake/libs/controller/controller.php, line 744]
2010-05-01 13:35:39 Warning: Warning (2): Invalid argument supplied for foreach() in [/var/www/estoque-cake/app/controllers/sales_controller.php, line 89]
2010-05-01 13:35:39 Warning: Warning (2): Cannot modify header information - headers already sent by (output started at /var/www/estoque-cake/cake/basics.php:355) in [/var/www/estoque-cake/cake/libs/controller/controller.php, line 744]
2010-05-01 13:35:44 Warning: Warning (2): Cannot modify header information - headers already sent by (output started at /var/www/estoque-cake/cake/basics.php:355) in [/var/www/estoque-cake/cake/libs/controller/controller.php, line 744]
2010-05-01 13:36:10 Warning: Warning (2): Cannot modify header information - headers already sent by (output started at /var/www/estoque-cake/cake/libs/debugger.php:673) in [/var/www/estoque-cake/cake/libs/controller/controller.php, line 744]
2010-05-01 13:36:24 Warning: Warning (2): Invalid argument supplied for foreach() in [/var/www/estoque-cake/app/controllers/sales_controller.php, line 89]
2010-05-01 13:36:24 Warning: Warning (2): Cannot modify header information - headers already sent by (output started at /var/www/estoque-cake/cake/libs/debugger.php:673) in [/var/www/estoque-cake/cake/libs/controller/controller.php, line 744]
2010-05-01 13:36:32 Warning: Warning (2): Invalid argument supplied for foreach() in [/var/www/estoque-cake/app/controllers/sales_controller.php, line 89]
2010-05-01 13:36:32 Warning: Warning (2): Cannot modify header information - headers already sent by (output started at /var/www/estoque-cake/app/controllers/sales_controller.php:86) in [/var/www/estoque-cake/cake/libs/controller/controller.php, line 744]
2010-05-01 13:36:52 Warning: Warning (2): Invalid argument supplied for foreach() in [/var/www/estoque-cake/app/controllers/sales_controller.php, line 89]
2010-05-01 13:36:52 Warning: Warning (2): Cannot modify header information - headers already sent by (output started at /var/www/estoque-cake/app/controllers/sales_controller.php:86) in [/var/www/estoque-cake/cake/libs/controller/controller.php, line 744]
2010-05-01 13:37:15 Warning: Warning (2): Invalid argument supplied for foreach() in [/var/www/estoque-cake/app/controllers/sales_controller.php, line 90]
2010-05-01 13:37:15 Warning: Warning (2): Cannot modify header information - headers already sent by (output started at /var/www/estoque-cake/cake/basics.php:355) in [/var/www/estoque-cake/cake/libs/controller/controller.php, line 744]
2010-05-01 13:37:25 Warning: Warning (2): Invalid argument supplied for foreach() in [/var/www/estoque-cake/app/controllers/sales_controller.php, line 90]
2010-05-01 13:37:25 Warning: Warning (2): Cannot modify header information - headers already sent by (output started at /var/www/estoque-cake/cake/basics.php:355) in [/var/www/estoque-cake/cake/libs/controller/controller.php, line 744]
2010-05-01 13:37:35 Warning: Warning (2): Invalid argument supplied for foreach() in [/var/www/estoque-cake/app/controllers/sales_controller.php, line 90]
2010-05-01 13:37:35 Warning: Warning (2): Cannot modify header information - headers already sent by (output started at /var/www/estoque-cake/cake/basics.php:355) in [/var/www/estoque-cake/cake/libs/controller/controller.php, line 744]
2010-05-01 13:37:39 Warning: Warning (2): Cannot modify header information - headers already sent by (output started at /var/www/estoque-cake/cake/basics.php:355) in [/var/www/estoque-cake/cake/libs/controller/controller.php, line 744]
2010-05-02 12:36:14 Warning: Warning (2): Cannot modify header information - headers already sent by (output started at /var/www/estoque-cake/app/app_controller.php:16) in [/var/www/estoque-cake/cake/libs/controller/controller.php, line 744]
2010-05-02 12:36:18 Warning: Warning (2): Cannot modify header information - headers already sent by (output started at /var/www/estoque-cake/app/app_controller.php:16) in [/var/www/estoque-cake/cake/libs/controller/controller.php, line 744]
2010-05-02 12:36:42 Warning: Warning (2): Cannot modify header information - headers already sent by (output started at /var/www/estoque-cake/app/app_controller.php:16) in [/var/www/estoque-cake/cake/libs/controller/controller.php, line 744]
2010-05-02 12:36:51 Warning: Warning (2): Cannot modify header information - headers already sent by (output started at /var/www/estoque-cake/app/app_controller.php:16) in [/var/www/estoque-cake/cake/libs/controller/controller.php, line 744]
2010-05-02 12:36:52 Warning: Warning (2): Cannot modify header information - headers already sent by (output started at /var/www/estoque-cake/app/app_controller.php:16) in [/var/www/estoque-cake/cake/libs/controller/controller.php, line 744]
2010-05-02 12:36:54 Warning: Warning (2): Cannot modify header information - headers already sent by (output started at /var/www/estoque-cake/app/app_controller.php:16) in [/var/www/estoque-cake/cake/libs/controller/controller.php, line 744]
2010-05-02 12:39:09 Warning: Warning (2): Cannot modify header information - headers already sent by (output started at /var/www/estoque-cake/app/app_controller.php:16) in [/var/www/estoque-cake/cake/libs/controller/controller.php, line 744]
2010-05-02 12:39:10 Warning: Warning (2): Cannot modify header information - headers already sent by (output started at /var/www/estoque-cake/app/app_controller.php:16) in [/var/www/estoque-cake/cake/libs/controller/controller.php, line 744]
2010-05-02 12:39:11 Warning: Warning (2): Cannot modify header information - headers already sent by (output started at /var/www/estoque-cake/app/app_controller.php:16) in [/var/www/estoque-cake/cake/libs/controller/controller.php, line 744]
2010-05-02 12:39:12 Warning: Warning (2): Cannot modify header information - headers already sent by (output started at /var/www/estoque-cake/app/app_controller.php:16) in [/var/www/estoque-cake/cake/libs/controller/controller.php, line 744]
2010-05-02 12:39:13 Warning: Warning (2): Cannot modify header information - headers already sent by (output started at /var/www/estoque-cake/app/app_controller.php:16) in [/var/www/estoque-cake/cake/libs/controller/controller.php, line 744]
2010-05-02 12:39:32 Warning: Warning (2): Cannot modify header information - headers already sent by (output started at /var/www/estoque-cake/app/app_controller.php:13) in [/var/www/estoque-cake/cake/libs/controller/controller.php, line 744]
2010-05-02 12:45:07 Warning: Warning (2): Cannot modify header information - headers already sent by (output started at /var/www/estoque-cake/app/controllers/users_controller.php:83) in [/var/www/estoque-cake/cake/libs/controller/controller.php, line 744]
2010-05-02 12:45:10 Warning: Warning (2): Cannot modify header information - headers already sent by (output started at /var/www/estoque-cake/app/controllers/users_controller.php:86) in [/var/www/estoque-cake/cake/libs/controller/controller.php, line 744]
2010-05-02 12:45:11 Warning: Warning (2): Cannot modify header information - headers already sent by (output started at /var/www/estoque-cake/app/controllers/users_controller.php:86) in [/var/www/estoque-cake/cake/libs/controller/controller.php, line 744]
2010-05-03 11:14:07 Warning: Warning (2): Cannot modify header information - headers already sent by (output started at /var/www/estoque-cake/app/app_controller.php:10) in [/var/www/estoque-cake/cake/libs/controller/controller.php, line 744]
2010-05-03 11:14:09 Warning: Warning (2): Cannot modify header information - headers already sent by (output started at /var/www/estoque-cake/app/app_controller.php:13) in [/var/www/estoque-cake/cake/libs/controller/controller.php, line 744]
2010-05-03 11:14:09 Warning: Warning (2): Cannot modify header information - headers already sent by (output started at /var/www/estoque-cake/app/app_controller.php:13) in [/var/www/estoque-cake/cake/libs/controller/controller.php, line 744]
2010-05-03 11:14:16 Warning: Warning (2): Cannot modify header information - headers already sent by (output started at /var/www/estoque-cake/app/app_controller.php:13) in [/var/www/estoque-cake/cake/libs/controller/controller.php, line 744]
2010-05-03 11:14:57 Warning: Warning (2): Cannot modify header information - headers already sent by (output started at /var/www/estoque-cake/app/app_controller.php:10) in [/var/www/estoque-cake/cake/libs/controller/controller.php, line 744]
2010-05-03 11:15:02 Warning: Warning (2): Cannot modify header information - headers already sent by (output started at /var/www/estoque-cake/app/app_controller.php:10) in [/var/www/estoque-cake/cake/libs/controller/controller.php, line 744]
2010-05-03 11:15:37 Warning: Warning (2): Cannot modify header information - headers already sent by (output started at /var/www/estoque-cake/app/app_controller.php:10) in [/var/www/estoque-cake/cake/libs/controller/controller.php, line 744]
2010-05-03 11:20:04 Warning: Warning (2): Cannot modify header information - headers already sent by (output started at /var/www/estoque-cake/app/app_controller.php:10) in [/var/www/estoque-cake/cake/libs/controller/controller.php, line 744]
2010-05-03 11:20:20 Warning: Warning (2): Cannot modify header information - headers already sent by (output started at /var/www/estoque-cake/app/app_controller.php:10) in [/var/www/estoque-cake/cake/libs/controller/controller.php, line 744]
2010-05-03 11:20:34 Warning: Warning (2): Cannot modify header information - headers already sent by (output started at /var/www/estoque-cake/app/app_controller.php:10) in [/var/www/estoque-cake/cake/libs/controller/controller.php, line 744]
2010-05-03 11:20:36 Warning: Warning (2): Cannot modify header information - headers already sent by (output started at /var/www/estoque-cake/app/app_controller.php:10) in [/var/www/estoque-cake/cake/libs/controller/controller.php, line 744]
2010-05-03 11:20:37 Warning: Warning (2): Cannot modify header information - headers already sent by (output started at /var/www/estoque-cake/app/app_controller.php:10) in [/var/www/estoque-cake/cake/libs/controller/controller.php, line 744]
2010-05-03 11:23:27 Warning: Warning (2): Cannot modify header information - headers already sent by (output started at /var/www/estoque-cake/app/app_controller.php:10) in [/var/www/estoque-cake/cake/libs/controller/controller.php, line 744]
2010-05-03 11:27:56 Warning: Warning (2): Cannot modify header information - headers already sent by (output started at /var/www/estoque-cake/app/app_controller.php:10) in [/var/www/estoque-cake/cake/libs/controller/controller.php, line 744]
2010-05-03 11:28:12 Warning: Warning (2): Cannot modify header information - headers already sent by (output started at /var/www/estoque-cake/app/app_controller.php:10) in [/var/www/estoque-cake/cake/libs/controller/controller.php, line 744]
2010-05-03 11:29:28 Warning: Warning (2): Cannot modify header information - headers already sent by (output started at /var/www/estoque-cake/app/app_controller.php:10) in [/var/www/estoque-cake/cake/libs/controller/controller.php, line 744]
2010-05-03 11:33:14 Warning: Warning (2): Cannot modify header information - headers already sent by (output started at /var/www/estoque-cake/app/app_controller.php:13) in [/var/www/estoque-cake/cake/libs/controller/controller.php, line 744]
2010-05-03 11:33:19 Warning: Warning (2): Cannot modify header information - headers already sent by (output started at /var/www/estoque-cake/app/app_controller.php:13) in [/var/www/estoque-cake/cake/libs/controller/controller.php, line 744]
2010-05-03 11:33:24 Warning: Warning (2): Cannot modify header information - headers already sent by (output started at /var/www/estoque-cake/app/app_controller.php:13) in [/var/www/estoque-cake/cake/libs/controller/controller.php, line 744]
2010-05-03 11:34:15 Warning: Warning (2): Cannot modify header information - headers already sent by (output started at /var/www/estoque-cake/app/app_controller.php:10) in [/var/www/estoque-cake/cake/libs/controller/controller.php, line 744]
2010-05-03 11:34:16 Warning: Warning (2): Cannot modify header information - headers already sent by (output started at /var/www/estoque-cake/app/app_controller.php:10) in [/var/www/estoque-cake/cake/libs/controller/controller.php, line 744]
2010-05-03 11:34:17 Warning: Warning (2): Cannot modify header information - headers already sent by (output started at /var/www/estoque-cake/app/app_controller.php:10) in [/var/www/estoque-cake/cake/libs/controller/controller.php, line 744]
2010-05-03 11:34:18 Warning: Warning (2): Cannot modify header information - headers already sent by (output started at /var/www/estoque-cake/app/app_controller.php:10) in [/var/www/estoque-cake/cake/libs/controller/controller.php, line 744]
2010-05-03 11:34:19 Warning: Warning (2): Cannot modify header information - headers already sent by (output started at /var/www/estoque-cake/app/app_controller.php:10) in [/var/www/estoque-cake/cake/libs/controller/controller.php, line 744]
2010-05-03 11:34:19 Warning: Warning (2): Cannot modify header information - headers already sent by (output started at /var/www/estoque-cake/app/app_controller.php:10) in [/var/www/estoque-cake/cake/libs/controller/controller.php, line 744]
2010-05-03 11:34:19 Warning: Warning (2): Cannot modify header information - headers already sent by (output started at /var/www/estoque-cake/app/app_controller.php:10) in [/var/www/estoque-cake/cake/libs/controller/controller.php, line 744]
2010-05-03 11:34:20 Warning: Warning (2): Cannot modify header information - headers already sent by (output started at /var/www/estoque-cake/app/app_controller.php:10) in [/var/www/estoque-cake/cake/libs/controller/controller.php, line 744]
2010-05-03 11:34:32 Warning: Warning (2): Cannot modify header information - headers already sent by (output started at /var/www/estoque-cake/app/app_controller.php:10) in [/var/www/estoque-cake/cake/libs/controller/controller.php, line 744]
2010-05-03 11:34:34 Warning: Warning (2): Cannot modify header information - headers already sent by (output started at /var/www/estoque-cake/app/app_controller.php:13) in [/var/www/estoque-cake/cake/libs/controller/controller.php, line 744]
2010-05-03 11:34:35 Warning: Warning (2): Cannot modify header information - headers already sent by (output started at /var/www/estoque-cake/app/app_controller.php:13) in [/var/www/estoque-cake/cake/libs/controller/controller.php, line 744]
2010-05-03 11:34:36 Warning: Warning (2): Cannot modify header information - headers already sent by (output started at /var/www/estoque-cake/app/app_controller.php:13) in [/var/www/estoque-cake/cake/libs/controller/controller.php, line 744]
2010-05-03 11:34:45 Warning: Warning (2): Cannot modify header information - headers already sent by (output started at /var/www/estoque-cake/app/app_controller.php:13) in [/var/www/estoque-cake/cake/libs/controller/controller.php, line 744]
2010-05-03 11:40:29 Warning: Warning (2): Cannot modify header information - headers already sent by (output started at /var/www/estoque-cake/cake/libs/debugger.php:673) in [/var/www/estoque-cake/cake/libs/controller/controller.php, line 744]
2010-05-03 11:42:16 Warning: Warning (2): Cannot modify header information - headers already sent by (output started at /var/www/estoque-cake/cake/libs/debugger.php:673) in [/var/www/estoque-cake/cake/libs/controller/controller.php, line 744]
2010-05-03 11:42:34 Warning: Warning (2): Cannot modify header information - headers already sent by (output started at /var/www/estoque-cake/cake/libs/debugger.php:673) in [/var/www/estoque-cake/cake/libs/controller/controller.php, line 744]
2010-05-11 13:38:25 Warning: Warning (2): sprintf() [http://php.net/function.sprintf]: Too few arguments in [/var/www/estoque-cake/app/views/users/admin_index.ctp, line 64]
